<?xml version="1.0" encoding="UTF-8"?>
<!-- Generated by org.testng.reporters.JUnitReportReporter -->
<testsuite skipped="0" hostname="5CG7074XC1" name="ExtentReport.ExtentReport.TestNgBasics" tests="2" failures="0" timestamp="20 Mar 2019 06:47:07 GMT" time="0.013" errors="0">
  <testcase name="googleTitleTest" time="0.009" classname="ExtentReport.ExtentReport.TestNgBasics"/>
  <testcase name="searchTest" time="0.004" classname="ExtentReport.ExtentReport.TestNgBasics"/>
</testsuite> <!-- ExtentReport.ExtentReport.TestNgBasics -->
